*** Using Compiler 'V5.06 update 7 (build 960)', folder: 'C:\Keil_v5\ARM\ARM_Compiler_5.06u7\Bin'
Rebuild target 'ADC'
assembling startup_stm32f103xe.s...
compiling stm32f1xx_hal_cec.c...
compiling system_stm32f1xx.c...
compiling stm32f1xx_hal_cortex.c...
compiling stm32f1xx_hal.c...
compiling stm32f1xx_hal_adc_ex.c...
compiling stm32f1xx_hal_can.c...
compiling stm32f1xx_hal_adc.c...
compiling stm32f1xx_hal_dac_ex.c...
compiling stm32f1xx_hal_crc.c...
compiling stm32f1xx_hal_eth.c...
compiling stm32f1xx_hal_dac.c...
compiling stm32f1xx_hal_flash.c...
compiling stm32f1xx_hal_flash_ex.c...
compiling stm32f1xx_hal_dma.c...
compiling stm32f1xx_hal_gpio_ex.c...
compiling stm32f1xx_hal_hcd.c...
compiling stm32f1xx_hal_iwdg.c...
compiling stm32f1xx_hal_gpio.c...
compiling stm32f1xx_hal_i2s.c...
compiling stm32f1xx_hal_irda.c...
compiling stm32f1xx_hal_i2c.c...
compiling stm32f1xx_hal_pcd_ex.c...
compiling stm32f1xx_hal_mmc.c...
compiling stm32f1xx_hal_pccard.c...
compiling stm32f1xx_hal_pwr.c...
compiling stm32f1xx_hal_nor.c...
compiling stm32f1xx_hal_pcd.c...
compiling stm32f1xx_hal_nand.c...
compiling stm32f1xx_hal_spi_ex.c...
compiling stm32f1xx_hal_rtc_ex.c...
compiling stm32f1xx_hal_rcc_ex.c...
compiling stm32f1xx_hal_smartcard.c...
compiling stm32f1xx_hal_rtc.c...
compiling stm32f1xx_hal_rcc.c...
compiling stm32f1xx_hal_spi.c...
compiling stm32f1xx_hal_sram.c...
compiling stm32f1xx_hal_wwdg.c...
compiling stm32f1xx_hal_usart.c...
compiling stm32f1xx_hal_uart.c...
compiling stm32f1xx_hal_tim_ex.c...
compiling stm32f1xx_hal_sd.c...
compiling stm32f1xx_hal_tim.c...
compiling stm32f1xx_ll_fsmc.c...
compiling stm32f1xx_ll_sdmmc.c...
compiling bsp_led.c...
compiling stm32f10x_exti.c...
compiling stm32f1xx_it.c...
compiling stm32f1xx_ll_usb.c...
compiling main.c...
compiling fonts.c...
compiling bsp_rtc.c...
compiling bsp_spi_flash.c...
compiling bsp_debug_usart.c...
compiling bsp_irda.c...
compiling bsp_SysTick.c...
compiling wind.c...
compiling bsp_key.c...
compiling bsp_beep.c...
compiling misc.c...
compiling qian_expand.c...
..\User\qian_expand.c(23): warning:  #177-D: variable "flag"  was declared but never referenced
    static u32 flag;
..\User\qian_expand.c: 1 warning, 0 errors
compiling bsp_ili9341_lcd.c...
linking...
Program Size: Code=14772 RO-data=15560 RW-data=124 ZI-data=18700  
FromELF: creating hex file...
"..\Output\Fire_F103VE.axf" - 0 Error(s), 1 Warning(s).
Build Time Elapsed:  00:00:32
